2024-06-11 11:04:47 DEBUG LogFactory:109 - Logging initialized using 'class org.apache.ibatis.logging.log4j.Log4jImpl' adapter.
2024-06-11 11:04:47 DEBUG PooledDataSource:373 - PooledDataSource forcefully closed/removed all connections.
2024-06-11 11:04:47 DEBUG PooledDataSource:373 - PooledDataSource forcefully closed/removed all connections.
2024-06-11 11:04:47 DEBUG PooledDataSource:373 - PooledDataSource forcefully closed/removed all connections.
2024-06-11 11:04:47 DEBUG PooledDataSource:373 - PooledDataSource forcefully closed/removed all connections.
2024-06-11 11:41:56 DEBUG LogFactory:109 - Logging initialized using 'class org.apache.ibatis.logging.log4j.Log4jImpl' adapter.
2024-06-11 11:41:56 DEBUG PooledDataSource:373 - PooledDataSource forcefully closed/removed all connections.
2024-06-11 11:41:56 DEBUG PooledDataSource:373 - PooledDataSource forcefully closed/removed all connections.
2024-06-11 11:41:56 DEBUG PooledDataSource:373 - PooledDataSource forcefully closed/removed all connections.
2024-06-11 11:41:56 DEBUG PooledDataSource:373 - PooledDataSource forcefully closed/removed all connections.
2024-06-11 12:03:10 DEBUG LogFactory:109 - Logging initialized using 'class org.apache.ibatis.logging.log4j.Log4jImpl' adapter.
2024-06-11 12:03:10 DEBUG PooledDataSource:373 - PooledDataSource forcefully closed/removed all connections.
2024-06-11 12:03:10 DEBUG PooledDataSource:373 - PooledDataSource forcefully closed/removed all connections.
2024-06-11 12:03:10 DEBUG PooledDataSource:373 - PooledDataSource forcefully closed/removed all connections.
2024-06-11 12:03:10 DEBUG PooledDataSource:373 - PooledDataSource forcefully closed/removed all connections.
2024-06-11 12:09:09 DEBUG LogFactory:109 - Logging initialized using 'class org.apache.ibatis.logging.log4j.Log4jImpl' adapter.
2024-06-11 12:09:09 DEBUG PooledDataSource:373 - PooledDataSource forcefully closed/removed all connections.
2024-06-11 12:09:09 DEBUG PooledDataSource:373 - PooledDataSource forcefully closed/removed all connections.
2024-06-11 12:09:09 DEBUG PooledDataSource:373 - PooledDataSource forcefully closed/removed all connections.
2024-06-11 12:09:09 DEBUG PooledDataSource:373 - PooledDataSource forcefully closed/removed all connections.
2024-06-11 12:09:09 DEBUG JdbcTransaction:143 - Opening JDBC Connection
2024-06-11 12:09:10 DEBUG PooledDataSource:448 - Created connection 26540753.
2024-06-11 12:09:10 DEBUG JdbcTransaction:107 - Setting autocommit to false on JDBC Connection [oracle.jdbc.driver.T4CConnection@194fad1]
2024-06-11 12:09:10 DEBUG login:137 - ==>  Preparing: SELECT ID, NAME, AUTH, JOININDATE FROM USERINFO WHERE ID=? AND PASSWORD = ?
2024-06-11 12:09:10 DEBUG login:137 - ==> Parameters: A001(String), A001(String)
2024-06-11 12:09:10 TRACE login:143 - <==    Columns: ID, NAME, AUTH, JOININDATE
2024-06-11 12:09:10 TRACE login:143 - <==        Row: A001, 코코볼, U, 2024-06-10 12:45:17
2024-06-11 12:09:10 DEBUG login:137 - <==      Total: 1
2024-06-11 12:33:23 DEBUG LogFactory:109 - Logging initialized using 'class org.apache.ibatis.logging.log4j.Log4jImpl' adapter.
2024-06-11 12:33:23 DEBUG PooledDataSource:373 - PooledDataSource forcefully closed/removed all connections.
2024-06-11 12:33:23 DEBUG PooledDataSource:373 - PooledDataSource forcefully closed/removed all connections.
2024-06-11 12:33:23 DEBUG PooledDataSource:373 - PooledDataSource forcefully closed/removed all connections.
2024-06-11 12:33:23 DEBUG PooledDataSource:373 - PooledDataSource forcefully closed/removed all connections.
2024-06-11 13:18:03 DEBUG LogFactory:109 - Logging initialized using 'class org.apache.ibatis.logging.log4j.Log4jImpl' adapter.
2024-06-11 13:18:03 DEBUG PooledDataSource:373 - PooledDataSource forcefully closed/removed all connections.
2024-06-11 13:18:03 DEBUG PooledDataSource:373 - PooledDataSource forcefully closed/removed all connections.
2024-06-11 13:18:03 DEBUG PooledDataSource:373 - PooledDataSource forcefully closed/removed all connections.
2024-06-11 13:18:03 DEBUG PooledDataSource:373 - PooledDataSource forcefully closed/removed all connections.
2024-06-11 13:18:03 DEBUG JdbcTransaction:143 - Opening JDBC Connection
2024-06-11 13:18:04 DEBUG PooledDataSource:448 - Created connection 361268035.
2024-06-11 13:18:04 DEBUG JdbcTransaction:107 - Setting autocommit to false on JDBC Connection [oracle.jdbc.driver.T4CConnection@15888343]
2024-06-11 13:18:04 DEBUG login:137 - ==>  Preparing: SELECT ID, NAME, AUTH, JOININDATE FROM USERINFO WHERE ID=? AND PASSWORD = ?
2024-06-11 13:18:04 DEBUG login:137 - ==> Parameters: A001(String), A001(String)
2024-06-11 13:18:04 TRACE login:143 - <==    Columns: ID, NAME, AUTH, JOININDATE
2024-06-11 13:18:04 TRACE login:143 - <==        Row: A001, 코코볼, U, 2024-06-10 12:45:17
2024-06-11 13:18:04 DEBUG login:137 - <==      Total: 1
2024-06-11 14:31:20 DEBUG LogFactory:109 - Logging initialized using 'class org.apache.ibatis.logging.slf4j.Slf4jImpl' adapter.
2024-06-11 14:31:20 DEBUG PooledDataSource:373 - PooledDataSource forcefully closed/removed all connections.
2024-06-11 14:31:20 DEBUG PooledDataSource:373 - PooledDataSource forcefully closed/removed all connections.
2024-06-11 14:31:20 DEBUG PooledDataSource:373 - PooledDataSource forcefully closed/removed all connections.
2024-06-11 14:31:20 DEBUG PooledDataSource:373 - PooledDataSource forcefully closed/removed all connections.
2024-06-11 14:31:20 INFO  AnswerboardDaoImpl:60 - AnswerboardDaoImpl insertBoard
2024-06-11 14:31:20 INFO  AnswerboardDaoImpl:61 - 전달받은 값 AnswerboardDto(seq=0, id=test, title=test, content=test, ref=0, step=0, depth=0, regdate=null, delflag=null, name=null)
2024-06-11 14:31:20 DEBUG JdbcTransaction:143 - Opening JDBC Connection
2024-06-11 14:31:21 DEBUG PooledDataSource:448 - Created connection 324169305.
2024-06-11 14:31:21 DEBUG insertBoard!selectKey:137 - ==>  Preparing: SELECTE ANSWERBOARD_SEQ.NEXTVAL AS SEQ FROM DUAL
2024-06-11 14:31:21 DEBUG insertBoard!selectKey:137 - ==> Parameters: 
2024-06-11 14:32:07 DEBUG LogFactory:109 - Logging initialized using 'class org.apache.ibatis.logging.slf4j.Slf4jImpl' adapter.
2024-06-11 14:32:07 DEBUG PooledDataSource:373 - PooledDataSource forcefully closed/removed all connections.
2024-06-11 14:32:07 DEBUG PooledDataSource:373 - PooledDataSource forcefully closed/removed all connections.
2024-06-11 14:32:07 DEBUG PooledDataSource:373 - PooledDataSource forcefully closed/removed all connections.
2024-06-11 14:32:07 DEBUG PooledDataSource:373 - PooledDataSource forcefully closed/removed all connections.
2024-06-11 14:32:07 INFO  AnswerboardDaoImpl:60 - AnswerboardDaoImpl insertBoard
2024-06-11 14:32:07 INFO  AnswerboardDaoImpl:61 - 전달받은 값 AnswerboardDto(seq=0, id=test, title=test, content=test, ref=0, step=0, depth=0, regdate=null, delflag=null, name=null)
2024-06-11 14:32:07 DEBUG JdbcTransaction:143 - Opening JDBC Connection
2024-06-11 14:32:07 DEBUG PooledDataSource:448 - Created connection 324169305.
2024-06-11 14:32:07 DEBUG insertBoard!selectKey:137 - ==>  Preparing: SELECT ANSWERBOARD_SEQ.NEXTVAL AS SEQ FROM DUAL
2024-06-11 14:32:07 DEBUG insertBoard!selectKey:137 - ==> Parameters: 
2024-06-11 14:32:07 TRACE insertBoard!selectKey:143 - <==    Columns: SEQ
2024-06-11 14:32:07 TRACE insertBoard!selectKey:143 - <==        Row: 10
2024-06-11 14:32:07 DEBUG insertBoard!selectKey:137 - <==      Total: 1
2024-06-11 14:32:07 DEBUG insertBoard:137 - ==>  Preparing: INSERT INTO ANSWERBOARD (SEQ, ID, TITLE, CONTENT, "REF", STEP, "DEPTH", REGDATE, DELFLAG) VALUES(?, ?, ?, ?, (SELECT NVL(MAX(REF),0)+1 FROM ANSWERBOARD a), 0, 0, SYSDATE, 'Y')
2024-06-11 14:32:07 DEBUG insertBoard:137 - ==> Parameters: 10(Integer), test(String), test(String), test(String)
2024-06-11 14:32:46 DEBUG LogFactory:109 - Logging initialized using 'class org.apache.ibatis.logging.slf4j.Slf4jImpl' adapter.
2024-06-11 14:32:46 DEBUG PooledDataSource:373 - PooledDataSource forcefully closed/removed all connections.
2024-06-11 14:32:46 DEBUG PooledDataSource:373 - PooledDataSource forcefully closed/removed all connections.
2024-06-11 14:32:46 DEBUG PooledDataSource:373 - PooledDataSource forcefully closed/removed all connections.
2024-06-11 14:32:46 DEBUG PooledDataSource:373 - PooledDataSource forcefully closed/removed all connections.
2024-06-11 14:32:46 INFO  AnswerboardDaoImpl:60 - AnswerboardDaoImpl insertBoard
2024-06-11 14:32:46 INFO  AnswerboardDaoImpl:61 - 전달받은 값 AnswerboardDto(seq=0, id=A001, title=test, content=test, ref=0, step=0, depth=0, regdate=null, delflag=null, name=null)
2024-06-11 14:32:46 DEBUG JdbcTransaction:143 - Opening JDBC Connection
2024-06-11 14:32:47 DEBUG PooledDataSource:448 - Created connection 324169305.
2024-06-11 14:32:47 DEBUG insertBoard!selectKey:137 - ==>  Preparing: SELECT ANSWERBOARD_SEQ.NEXTVAL AS SEQ FROM DUAL
2024-06-11 14:32:47 DEBUG insertBoard!selectKey:137 - ==> Parameters: 
2024-06-11 14:32:47 TRACE insertBoard!selectKey:143 - <==    Columns: SEQ
2024-06-11 14:32:47 TRACE insertBoard!selectKey:143 - <==        Row: 11
2024-06-11 14:32:47 DEBUG insertBoard!selectKey:137 - <==      Total: 1
2024-06-11 14:32:47 DEBUG insertBoard:137 - ==>  Preparing: INSERT INTO ANSWERBOARD (SEQ, ID, TITLE, CONTENT, "REF", STEP, "DEPTH", REGDATE, DELFLAG) VALUES(?, ?, ?, ?, (SELECT NVL(MAX(REF),0)+1 FROM ANSWERBOARD a), 0, 0, SYSDATE, 'Y')
2024-06-11 14:32:47 DEBUG insertBoard:137 - ==> Parameters: 11(Integer), A001(String), test(String), test(String)
2024-06-11 14:32:47 DEBUG insertBoard:137 - <==    Updates: 1
2024-06-11 14:32:47 INFO  AnswerboardDaoImpl:34 - AnswerboardDaoImpl selectDetailBoard
2024-06-11 14:32:47 INFO  AnswerboardDaoImpl:35 - 전달받은 값 : 11
2024-06-11 14:32:47 DEBUG JdbcTransaction:143 - Opening JDBC Connection
2024-06-11 14:32:47 DEBUG PooledDataSource:448 - Created connection 1483145520.
2024-06-11 14:32:47 DEBUG JdbcTransaction:107 - Setting autocommit to false on JDBC Connection [oracle.jdbc.driver.T4CConnection@58670130]
2024-06-11 14:32:47 DEBUG selectDetailBoard:137 - ==>  Preparing: SELECT SEQ, ID, TITLE, CONTENT , TO_CHAR(REGDATE, 'YYYY. mm. DD.') AS REGDATE FROM ANSWERBOARD a WHERE SEQ =?
2024-06-11 14:32:47 DEBUG selectDetailBoard:137 - ==> Parameters: 11(String)
2024-06-11 14:32:47 TRACE selectDetailBoard:143 - <==    Columns: SEQ, ID, TITLE, CONTENT, REGDATE
2024-06-11 14:32:47 TRACE selectDetailBoard:143 - <==        Row: 11, A001, test, test, 2024. 06. 11.
2024-06-11 14:32:47 DEBUG selectDetailBoard:137 - <==      Total: 1
2024-06-11 14:32:47 INFO  AnswerboardDaoImpl:42 - AnswerboardDaoImpl modifyBoard
2024-06-11 14:32:47 INFO  AnswerboardDaoImpl:43 - 전달받은 값 null
2024-06-11 14:32:47 DEBUG JdbcTransaction:143 - Opening JDBC Connection
2024-06-11 14:32:47 DEBUG PooledDataSource:448 - Created connection 567852222.
2024-06-11 14:32:47 DEBUG modifyBoard:137 - ==>  Preparing: UPDATE ANSWERBOARD SET CONTENT = ? WHERE SEQ = ?
2024-06-11 14:33:18 DEBUG LogFactory:109 - Logging initialized using 'class org.apache.ibatis.logging.slf4j.Slf4jImpl' adapter.
2024-06-11 14:33:18 DEBUG PooledDataSource:373 - PooledDataSource forcefully closed/removed all connections.
2024-06-11 14:33:18 DEBUG PooledDataSource:373 - PooledDataSource forcefully closed/removed all connections.
2024-06-11 14:33:18 DEBUG PooledDataSource:373 - PooledDataSource forcefully closed/removed all connections.
2024-06-11 14:33:18 DEBUG PooledDataSource:373 - PooledDataSource forcefully closed/removed all connections.
2024-06-11 14:33:18 INFO  AnswerboardDaoImpl:60 - AnswerboardDaoImpl insertBoard
2024-06-11 14:33:18 INFO  AnswerboardDaoImpl:61 - 전달받은 값 AnswerboardDto(seq=0, id=A001, title=test, content=test, ref=0, step=0, depth=0, regdate=null, delflag=null, name=null)
2024-06-11 14:33:18 DEBUG JdbcTransaction:143 - Opening JDBC Connection
2024-06-11 14:33:18 DEBUG PooledDataSource:448 - Created connection 324169305.
2024-06-11 14:33:18 DEBUG insertBoard!selectKey:137 - ==>  Preparing: SELECT ANSWERBOARD_SEQ.NEXTVAL AS SEQ FROM DUAL
2024-06-11 14:33:18 DEBUG insertBoard!selectKey:137 - ==> Parameters: 
2024-06-11 14:33:18 TRACE insertBoard!selectKey:143 - <==    Columns: SEQ
2024-06-11 14:33:18 TRACE insertBoard!selectKey:143 - <==        Row: 12
2024-06-11 14:33:18 DEBUG insertBoard!selectKey:137 - <==      Total: 1
2024-06-11 14:33:19 DEBUG insertBoard:137 - ==>  Preparing: INSERT INTO ANSWERBOARD (SEQ, ID, TITLE, CONTENT, "REF", STEP, "DEPTH", REGDATE, DELFLAG) VALUES(?, ?, ?, ?, (SELECT NVL(MAX(REF),0)+1 FROM ANSWERBOARD a), 0, 0, SYSDATE, 'Y')
2024-06-11 14:33:19 DEBUG insertBoard:137 - ==> Parameters: 12(Integer), A001(String), test(String), test(String)
2024-06-11 14:33:19 DEBUG insertBoard:137 - <==    Updates: 1
2024-06-11 14:33:19 INFO  AnswerboardDaoImpl:34 - AnswerboardDaoImpl selectDetailBoard
2024-06-11 14:33:19 INFO  AnswerboardDaoImpl:35 - 전달받은 값 : 12
2024-06-11 14:33:19 DEBUG JdbcTransaction:143 - Opening JDBC Connection
2024-06-11 14:33:19 DEBUG PooledDataSource:448 - Created connection 970781872.
2024-06-11 14:33:19 DEBUG JdbcTransaction:107 - Setting autocommit to false on JDBC Connection [oracle.jdbc.driver.T4CConnection@39dcf4b0]
2024-06-11 14:33:19 DEBUG selectDetailBoard:137 - ==>  Preparing: SELECT SEQ, ID, TITLE, CONTENT , TO_CHAR(REGDATE, 'YYYY. mm. DD.') AS REGDATE FROM ANSWERBOARD a WHERE SEQ =?
2024-06-11 14:33:19 DEBUG selectDetailBoard:137 - ==> Parameters: 12(String)
2024-06-11 14:33:19 TRACE selectDetailBoard:143 - <==    Columns: SEQ, ID, TITLE, CONTENT, REGDATE
2024-06-11 14:33:19 TRACE selectDetailBoard:143 - <==        Row: 12, A001, test, test, 2024. 06. 11.
2024-06-11 14:33:19 DEBUG selectDetailBoard:137 - <==      Total: 1
2024-06-11 14:33:19 INFO  AnswerboardDaoImpl:42 - AnswerboardDaoImpl modifyBoard
2024-06-11 14:33:19 INFO  AnswerboardDaoImpl:43 - 전달받은 값 null
2024-06-11 14:33:19 DEBUG JdbcTransaction:143 - Opening JDBC Connection
2024-06-11 14:33:19 DEBUG PooledDataSource:448 - Created connection 2088582214.
2024-06-11 14:33:19 DEBUG modifyBoard:137 - ==>  Preparing: UPDATE ANSWERBOARD SET CONTENT = ? WHERE SEQ = ?
2024-06-11 14:33:32 DEBUG LogFactory:109 - Logging initialized using 'class org.apache.ibatis.logging.slf4j.Slf4jImpl' adapter.
2024-06-11 14:33:32 DEBUG PooledDataSource:373 - PooledDataSource forcefully closed/removed all connections.
2024-06-11 14:33:32 DEBUG PooledDataSource:373 - PooledDataSource forcefully closed/removed all connections.
2024-06-11 14:33:32 DEBUG PooledDataSource:373 - PooledDataSource forcefully closed/removed all connections.
2024-06-11 14:33:32 DEBUG PooledDataSource:373 - PooledDataSource forcefully closed/removed all connections.
2024-06-11 14:33:32 INFO  AnswerboardDaoImpl:60 - AnswerboardDaoImpl insertBoard
2024-06-11 14:33:32 INFO  AnswerboardDaoImpl:61 - 전달받은 값 AnswerboardDto(seq=0, id=A001, title=test, content=test, ref=0, step=0, depth=0, regdate=null, delflag=null, name=null)
2024-06-11 14:33:32 DEBUG JdbcTransaction:143 - Opening JDBC Connection
2024-06-11 14:33:32 DEBUG PooledDataSource:448 - Created connection 324169305.
2024-06-11 14:33:32 DEBUG insertBoard!selectKey:137 - ==>  Preparing: SELECT ANSWERBOARD_SEQ.NEXTVAL AS SEQ FROM DUAL
2024-06-11 14:33:32 DEBUG insertBoard!selectKey:137 - ==> Parameters: 
2024-06-11 14:33:32 TRACE insertBoard!selectKey:143 - <==    Columns: SEQ
2024-06-11 14:33:32 TRACE insertBoard!selectKey:143 - <==        Row: 13
2024-06-11 14:33:32 DEBUG insertBoard!selectKey:137 - <==      Total: 1
2024-06-11 14:33:32 DEBUG insertBoard:137 - ==>  Preparing: INSERT INTO ANSWERBOARD (SEQ, ID, TITLE, CONTENT, "REF", STEP, "DEPTH", REGDATE, DELFLAG) VALUES(?, ?, ?, ?, (SELECT NVL(MAX(REF),0)+1 FROM ANSWERBOARD a), 0, 0, SYSDATE, 'Y')
2024-06-11 14:33:32 DEBUG insertBoard:137 - ==> Parameters: 13(Integer), A001(String), test(String), test(String)
2024-06-11 14:33:32 DEBUG insertBoard:137 - <==    Updates: 1
2024-06-11 14:33:32 INFO  AnswerboardDaoImpl:34 - AnswerboardDaoImpl selectDetailBoard
2024-06-11 14:33:32 INFO  AnswerboardDaoImpl:35 - 전달받은 값 : 13
2024-06-11 14:33:32 DEBUG JdbcTransaction:143 - Opening JDBC Connection
2024-06-11 14:33:32 DEBUG PooledDataSource:448 - Created connection 1483145520.
2024-06-11 14:33:32 DEBUG JdbcTransaction:107 - Setting autocommit to false on JDBC Connection [oracle.jdbc.driver.T4CConnection@58670130]
2024-06-11 14:33:32 DEBUG selectDetailBoard:137 - ==>  Preparing: SELECT SEQ, ID, TITLE, CONTENT , TO_CHAR(REGDATE, 'YYYY. mm. DD.') AS REGDATE FROM ANSWERBOARD a WHERE SEQ =?
2024-06-11 14:33:32 DEBUG selectDetailBoard:137 - ==> Parameters: 13(String)
2024-06-11 14:33:32 TRACE selectDetailBoard:143 - <==    Columns: SEQ, ID, TITLE, CONTENT, REGDATE
2024-06-11 14:33:32 TRACE selectDetailBoard:143 - <==        Row: 13, A001, test, test, 2024. 06. 11.
2024-06-11 14:33:32 DEBUG selectDetailBoard:137 - <==      Total: 1
2024-06-11 14:33:32 INFO  AnswerboardDaoImpl:42 - AnswerboardDaoImpl modifyBoard
2024-06-11 14:33:32 INFO  AnswerboardDaoImpl:43 - 전달받은 값 {seq=13, content=  }
2024-06-11 14:33:32 DEBUG JdbcTransaction:143 - Opening JDBC Connection
2024-06-11 14:33:32 DEBUG PooledDataSource:448 - Created connection 567852222.
2024-06-11 14:33:32 DEBUG modifyBoard:137 - ==>  Preparing: UPDATE ANSWERBOARD SET CONTENT = ? WHERE SEQ = ?
2024-06-11 14:33:32 DEBUG modifyBoard:137 - ==> Parameters:   (String), 13(String)
2024-06-11 14:33:32 DEBUG modifyBoard:137 - <==    Updates: 1
2024-06-11 14:33:32 INFO  AnswerboardDaoImpl:69 - AnswerboardDaoImpl deleteBoard
2024-06-11 14:33:32 INFO  AnswerboardDaoImpl:70 - 전달받은 값 13
2024-06-11 14:33:32 DEBUG JdbcTransaction:143 - Opening JDBC Connection
2024-06-11 14:33:32 DEBUG PooledDataSource:448 - Created connection 405036720.
2024-06-11 14:33:32 DEBUG deleteBoard:137 - ==>  Preparing: DELETE FROM ANSWERBOARD WHERE SEQ =?
2024-06-11 14:33:32 DEBUG deleteBoard:137 - ==> Parameters: 13(String)
2024-06-11 14:33:32 DEBUG deleteBoard:137 - <==    Updates: 1
2024-06-11 14:33:32 INFO  AnswerboardDaoImpl:27 - AnswerboardDaoImpl selectAllBoard
2024-06-11 14:33:32 DEBUG JdbcTransaction:143 - Opening JDBC Connection
2024-06-11 14:33:32 DEBUG PooledDataSource:448 - Created connection 1923634801.
2024-06-11 14:33:32 DEBUG JdbcTransaction:107 - Setting autocommit to false on JDBC Connection [oracle.jdbc.driver.T4CConnection@72a85671]
2024-06-11 14:33:32 DEBUG selectAllBoard:137 - ==>  Preparing: SELECT SEQ, ID, TITLE, "REF", STEP, "DEPTH", REGDATE, DELFLAG, NAME FROM ANSWERBOARD a JOIN USERINFO u USING(ID) ORDER BY REF DESC, STEP
2024-06-11 14:33:32 DEBUG selectAllBoard:137 - ==> Parameters: 
2024-06-11 14:33:32 TRACE selectAllBoard:143 - <==    Columns: SEQ, ID, TITLE, REF, STEP, DEPTH, REGDATE, DELFLAG, NAME
2024-06-11 14:33:32 TRACE selectAllBoard:143 - <==        Row: 12, A001, test, 5, 0, 0, 2024-06-11 14:33:19, Y, 코코볼
2024-06-11 14:33:32 TRACE selectAllBoard:143 - <==        Row: 11, A001, test, 4, 0, 0, 2024-06-11 14:32:47, Y, 코코볼
2024-06-11 14:33:32 TRACE selectAllBoard:143 - <==        Row: 4, A002, ROOT글 삭제글, 3, 0, 0, 2024-06-10 14:10:45, Y, 햇빛
2024-06-11 14:33:32 TRACE selectAllBoard:143 - <==        Row: 3, A002, ROOT글 두번째, 2, 0, 0, 2024-06-10 14:08:46, N, 햇빛
2024-06-11 14:33:32 TRACE selectAllBoard:143 - <==        Row: 8, A001, 답글2, 2, 1, 1, 2024-06-10 14:33:20, N, 코코볼
2024-06-11 14:33:32 TRACE selectAllBoard:143 - <==        Row: 9, A001, 답글답글, 2, 2, 2, 2024-06-10 14:35:44, N, 코코볼
2024-06-11 14:33:32 TRACE selectAllBoard:143 - <==        Row: 7, A001, 답글1, 2, 3, 1, 2024-06-10 14:32:50, N, 코코볼
2024-06-11 14:33:32 TRACE selectAllBoard:143 - <==        Row: 2, A001, ROOT글 첫번째, 1, 0, 0, 2024-06-10 14:08:06, N, 코코볼
2024-06-11 14:33:32 DEBUG selectAllBoard:137 - <==      Total: 8
2024-06-11 15:02:11 DEBUG LogFactory:109 - Logging initialized using 'class org.apache.ibatis.logging.slf4j.Slf4jImpl' adapter.
2024-06-11 15:02:11 DEBUG PooledDataSource:373 - PooledDataSource forcefully closed/removed all connections.
2024-06-11 15:02:11 DEBUG PooledDataSource:373 - PooledDataSource forcefully closed/removed all connections.
2024-06-11 15:02:11 DEBUG PooledDataSource:373 - PooledDataSource forcefully closed/removed all connections.
2024-06-11 15:02:11 DEBUG PooledDataSource:373 - PooledDataSource forcefully closed/removed all connections.
2024-06-11 15:02:11 INFO  AnswerboardDaoImpl:51 - AnswerboardDaoImpl mutiDeleteBoard
2024-06-11 15:02:11 INFO  AnswerboardDaoImpl:52 - 전달받은 값 [8, 9, 7]
2024-06-11 15:02:11 DEBUG JdbcTransaction:143 - Opening JDBC Connection
2024-06-11 15:02:12 DEBUG PooledDataSource:448 - Created connection 787122337.
2024-06-11 15:02:12 DEBUG mutiDeleteBoard:137 - ==>  Preparing: UPDATE ANSWERBOARD SET DELFLAG ='Y' WHERE SEQ IN ( ? , ? , ? )
2024-06-11 15:02:12 DEBUG mutiDeleteBoard:137 - ==> Parameters: 8(String), 9(String), 7(String)
2024-06-11 15:02:12 DEBUG mutiDeleteBoard:137 - <==    Updates: 3
2024-06-11 15:11:52 DEBUG LogFactory:109 - Logging initialized using 'class org.apache.ibatis.logging.slf4j.Slf4jImpl' adapter.
2024-06-11 15:11:52 DEBUG PooledDataSource:373 - PooledDataSource forcefully closed/removed all connections.
2024-06-11 15:11:52 DEBUG PooledDataSource:373 - PooledDataSource forcefully closed/removed all connections.
2024-06-11 15:11:52 DEBUG PooledDataSource:373 - PooledDataSource forcefully closed/removed all connections.
2024-06-11 15:11:52 DEBUG PooledDataSource:373 - PooledDataSource forcefully closed/removed all connections.
2024-06-11 15:11:52 INFO  AnswerboardDaoImpl:96 - AnswerboardDaoImpl reply
2024-06-11 15:11:52 INFO  AnswerboardDaoImpl:97 - 전달받은 값 AnswerboardDto(seq=3, id=A001, title=답글테스트, content=답글 테스트 내용, ref=0, step=0, depth=0, regdate=null, delflag=null, name=null)
2024-06-11 15:11:52 DEBUG JdbcTransaction:143 - Opening JDBC Connection
2024-06-11 15:11:53 DEBUG PooledDataSource:448 - Created connection 1541525668.
2024-06-11 15:11:53 DEBUG JdbcTransaction:107 - Setting autocommit to false on JDBC Connection [oracle.jdbc.driver.T4CConnection@5be1d0a4]
2024-06-11 15:11:53 DEBUG replyUpdate:137 - ==>  Preparing: UPDATE ANSWERBOARD SET STEP = STEP +1 WHERE REF = (SELECT REF FROM ANSWERBOARD a WHERE SEQ =?) AND STEP > (SELECT STEP FROM ANSWERBOARD a WHERE SEQ =?)
2024-06-11 15:11:53 DEBUG replyUpdate:137 - ==> Parameters: 3(Integer), 3(Integer)
2024-06-11 15:11:53 DEBUG replyUpdate:137 - <==    Updates: 3
2024-06-11 15:11:53 DEBUG replyInsert:137 - ==>  Preparing: INSERT INTO ANSWERBOARD (SEQ, ID, TITLE, CONTENT, "REF", STEP, "DEPTH", REGDATE, DELFLAG) VALUES(ANSWERBOARD_SEQ.NEXTVAL, ?, ?, ?, (SELECT REF FROM ANSWERBOARD a WHERE SEQ=?), (SELECT STEP FROM ANSWERBOARD a2 WHERE SEQ=?)+1, (SELECT "DEPTH" FROM ANSWERBOARD a2 WHERE SEQ=?)+1, SYSDATE, 'N')
2024-06-11 15:11:53 DEBUG replyInsert:137 - ==> Parameters: A001(String), 답글테스트(String), 답글 테스트 내용(String), 3(Integer), 3(Integer), 3(Integer)
2024-06-11 15:11:53 DEBUG replyInsert:137 - <==    Updates: 1
2024-06-11 15:11:53 DEBUG JdbcTransaction:76 - Committing JDBC Connection [oracle.jdbc.driver.T4CConnection@5be1d0a4]
